<?xml version="1.0" encoding="UTF-8"?>
<!-- Generated by org.testng.reporters.JUnitReportReporter -->
<testsuite hostname="NOI-PF48GNQC" failures="0" tests="89" name="testcase.MyFirstAutomationTC" time="40.372" errors="4" timestamp="2025-05-08T12:44:44 IST" skipped="85">
  <testcase classname="testcase.MyFirstAutomationTC" name="LoginTest" time="10.865">
    <skipped/>
  </testcase> <!-- LoginTest -->
  <testcase classname="testcase.MyFirstAutomationTC" name="LoginTest" time="4.497">
    <skipped/>
  </testcase> <!-- LoginTest -->
  <testcase classname="testcase.MyFirstAutomationTC" name="LoginTest" time="5.059">
    <skipped/>
  </testcase> <!-- LoginTest -->
  <testcase classname="testcase.MyFirstAutomationTC" name="LoginTest" time="0.000">
    <skipped/>
  </testcase> <!-- LoginTest -->
  <testcase classname="testcase.MyFirstAutomationTC" name="LoginTest" time="0.000">
    <skipped/>
  </testcase> <!-- LoginTest -->
  <testcase classname="testcase.MyFirstAutomationTC" name="LoginTest" time="0.000">
    <skipped/>
  </testcase> <!-- LoginTest -->
  <testcase classname="testcase.MyFirstAutomationTC" name="LoginTest" time="0.000">
    <skipped/>
  </testcase> <!-- LoginTest -->
  <testcase classname="testcase.MyFirstAutomationTC" name="LoginTest" time="0.000">
    <skipped/>
  </testcase> <!-- LoginTest -->
  <testcase classname="testcase.MyFirstAutomationTC" name="LoginTest" time="0.000">
    <skipped/>
  </testcase> <!-- LoginTest -->
  <testcase classname="testcase.MyFirstAutomationTC" name="LoginTest" time="0.000">
    <skipped/>
  </testcase> <!-- LoginTest -->
  <testcase classname="testcase.MyFirstAutomationTC" name="LoginTest" time="0.000">
    <skipped/>
  </testcase> <!-- LoginTest -->
  <testcase classname="testcase.MyFirstAutomationTC" name="LoginTest" time="0.000">
    <skipped/>
  </testcase> <!-- LoginTest -->
  <testcase classname="testcase.MyFirstAutomationTC" name="LoginTest" time="5.265">
    <error message="element not interactable
  (Session info: chrome=136.0.7103.48)
Build info: version: &#039;4.31.0&#039;, revision: &#039;1ef9f18787*&#039;
System info: os.name: &#039;Windows 11&#039;, os.arch: &#039;amd64&#039;, os.version: &#039;10.0&#039;, java.version: &#039;23.0.2&#039;
Driver info: org.openqa.selenium.chrome.ChromeDriver
Command: [c2434ca9f3915b0db8402bb62c68f257, sendKeysToElement {id=f.4DF937686D9B91CDC28DDFAEA6018548.d.FF38C24E59A7A7F932C85758A5CD9488.e.15, value=[Ljava.lang.CharSequence;@fca387}]
Capabilities {acceptInsecureCerts: false, browserName: chrome, browserVersion: 136.0.7103.48, chrome: {chromedriverVersion: 136.0.7103.92 (cb81a4cc5087..., userDataDir: C:\Users\RAVI~1.MAL\AppData...}, fedcm:accounts: true, goog:chromeOptions: {debuggerAddress: localhost:51210}, networkConnectionEnabled: false, pageLoadStrategy: normal, platformName: windows, proxy: Proxy(), se:cdp: ws://localhost:51210/devtoo..., se:cdpVersion: 136.0.7103.48, setWindowRect: true, strictFileInteractability: false, timeouts: {implicit: 0, pageLoad: 300000, script: 30000}, unhandledPromptBehavior: dismiss and notify, webauthn:extension:credBlob: true, webauthn:extension:largeBlob: true, webauthn:extension:minPinLength: true, webauthn:extension:prf: true, webauthn:virtualAuthenticators: true}
Element: [[ChromeDriver: chrome on windows (c2434ca9f3915b0db8402bb62c68f257)] -&gt; name: PASSWORD]
Session ID: c2434ca9f3915b0db8402bb62c68f257" type="org.openqa.selenium.ElementNotInteractableException">
      <![CDATA[org.openqa.selenium.ElementNotInteractableException: element not interactable
  (Session info: chrome=136.0.7103.48)
Build info: version: '4.31.0', revision: '1ef9f18787*'
System info: os.name: 'Windows 11', os.arch: 'amd64', os.version: '10.0', java.version: '23.0.2'
Driver info: org.openqa.selenium.chrome.ChromeDriver
Command: [c2434ca9f3915b0db8402bb62c68f257, sendKeysToElement {id=f.4DF937686D9B91CDC28DDFAEA6018548.d.FF38C24E59A7A7F932C85758A5CD9488.e.15, value=[Ljava.lang.CharSequence;@fca387}]
Capabilities {acceptInsecureCerts: false, browserName: chrome, browserVersion: 136.0.7103.48, chrome: {chromedriverVersion: 136.0.7103.92 (cb81a4cc5087..., userDataDir: C:\Users\RAVI~1.MAL\AppData...}, fedcm:accounts: true, goog:chromeOptions: {debuggerAddress: localhost:51210}, networkConnectionEnabled: false, pageLoadStrategy: normal, platformName: windows, proxy: Proxy(), se:cdp: ws://localhost:51210/devtoo..., se:cdpVersion: 136.0.7103.48, setWindowRect: true, strictFileInteractability: false, timeouts: {implicit: 0, pageLoad: 300000, script: 30000}, unhandledPromptBehavior: dismiss and notify, webauthn:extension:credBlob: true, webauthn:extension:largeBlob: true, webauthn:extension:minPinLength: true, webauthn:extension:prf: true, webauthn:virtualAuthenticators: true}
Element: [[ChromeDriver: chrome on windows (c2434ca9f3915b0db8402bb62c68f257)] -> name: PASSWORD]
Session ID: c2434ca9f3915b0db8402bb62c68f257
at java.base/jdk.internal.reflect.DirectConstructorHandleAccessor.newInstance(DirectConstructorHandleAccessor.java:62)
at java.base/java.lang.reflect.Constructor.newInstanceWithCaller(Constructor.java:501)
at java.base/java.lang.reflect.Constructor.newInstance(Constructor.java:485)
at org.openqa.selenium.remote.ErrorCodec.decode(ErrorCodec.java:167)
at org.openqa.selenium.remote.codec.w3c.W3CHttpResponseCodec.decode(W3CHttpResponseCodec.java:138)
at org.openqa.selenium.remote.codec.w3c.W3CHttpResponseCodec.decode(W3CHttpResponseCodec.java:50)
at org.openqa.selenium.remote.HttpCommandExecutor.execute(HttpCommandExecutor.java:215)
at org.openqa.selenium.remote.service.DriverCommandExecutor.invokeExecute(DriverCommandExecutor.java:216)
at org.openqa.selenium.remote.service.DriverCommandExecutor.execute(DriverCommandExecutor.java:174)
at org.openqa.selenium.remote.RemoteWebDriver.execute(RemoteWebDriver.java:545)
at org.openqa.selenium.remote.RemoteWebElement.execute(RemoteWebElement.java:223)
at org.openqa.selenium.remote.RemoteWebElement.sendKeys(RemoteWebElement.java:110)
at testcase.MyFirstAutomationTC.LoginTest(MyFirstAutomationTC.java:17)
at java.base/jdk.internal.reflect.DirectMethodHandleAccessor.invoke(DirectMethodHandleAccessor.java:103)
at java.base/java.lang.reflect.Method.invoke(Method.java:580)
at org.testng.internal.invokers.MethodInvocationHelper.invokeMethod(MethodInvocationHelper.java:141)
at org.testng.internal.invokers.TestInvoker.invokeMethod(TestInvoker.java:687)
at org.testng.internal.invokers.TestInvoker.invokeTestMethod(TestInvoker.java:230)
at org.testng.internal.invokers.MethodRunner.runInSequence(MethodRunner.java:63)
at org.testng.internal.invokers.TestInvoker$MethodInvocationAgent.invoke(TestInvoker.java:995)
at org.testng.internal.invokers.TestInvoker.invokeTestMethods(TestInvoker.java:203)
at org.testng.internal.invokers.TestMethodWorker.invokeTestMethods(TestMethodWorker.java:154)
at org.testng.internal.invokers.TestMethodWorker.run(TestMethodWorker.java:134)
at java.base/java.util.ArrayList.forEach(ArrayList.java:1597)
at org.testng.TestRunner.privateRun(TestRunner.java:741)
at org.testng.TestRunner.run(TestRunner.java:616)
at org.testng.SuiteRunner.runTest(SuiteRunner.java:421)
at org.testng.SuiteRunner.runSequentially(SuiteRunner.java:413)
at org.testng.SuiteRunner.privateRun(SuiteRunner.java:373)
at org.testng.SuiteRunner.run(SuiteRunner.java:312)
at org.testng.SuiteRunnerWorker.runSuite(SuiteRunnerWorker.java:52)
at org.testng.SuiteRunnerWorker.run(SuiteRunnerWorker.java:95)
at org.testng.TestNG.runSuitesSequentially(TestNG.java:1274)
at org.testng.TestNG.runSuitesLocally(TestNG.java:1208)
at org.testng.TestNG.runSuites(TestNG.java:1112)
at org.testng.TestNG.run(TestNG.java:1079)
at org.testng.remote.AbstractRemoteTestNG.run(AbstractRemoteTestNG.java:115)
at org.testng.remote.RemoteTestNG.initAndRun(RemoteTestNG.java:293)
at org.testng.remote.RemoteTestNG.main(RemoteTestNG.java:91)
]]>
    </error>
  </testcase> <!-- LoginTest -->
  <testcase classname="testcase.MyFirstAutomationTC" name="LoginTest" time="0.000">
    <skipped/>
  </testcase> <!-- LoginTest -->
  <testcase classname="testcase.MyFirstAutomationTC" name="LoginTest" time="0.000">
    <skipped/>
  </testcase> <!-- LoginTest -->
  <testcase classname="testcase.MyFirstAutomationTC" name="LoginTest" time="0.000">
    <skipped/>
  </testcase> <!-- LoginTest -->
  <testcase classname="testcase.MyFirstAutomationTC" name="LoginTest" time="0.000">
    <skipped/>
  </testcase> <!-- LoginTest -->
  <testcase classname="testcase.MyFirstAutomationTC" name="LoginTest" time="0.000">
    <skipped/>
  </testcase> <!-- LoginTest -->
  <testcase classname="testcase.MyFirstAutomationTC" name="LoginTest" time="0.000">
    <skipped/>
  </testcase> <!-- LoginTest -->
  <testcase classname="testcase.MyFirstAutomationTC" name="LoginTest" time="0.000">
    <skipped/>
  </testcase> <!-- LoginTest -->
  <testcase classname="testcase.MyFirstAutomationTC" name="LoginTest" time="0.000">
    <skipped/>
  </testcase> <!-- LoginTest -->
  <testcase classname="testcase.MyFirstAutomationTC" name="LoginTest" time="0.000">
    <skipped/>
  </testcase> <!-- LoginTest -->
  <testcase classname="testcase.MyFirstAutomationTC" name="LoginTest" time="0.000">
    <skipped/>
  </testcase> <!-- LoginTest -->
  <testcase classname="testcase.MyFirstAutomationTC" name="LoginTest" time="0.000">
    <skipped/>
  </testcase> <!-- LoginTest -->
  <testcase classname="testcase.MyFirstAutomationTC" name="LoginTest" time="0.000">
    <skipped/>
  </testcase> <!-- LoginTest -->
  <testcase classname="testcase.MyFirstAutomationTC" name="LoginTest" time="0.000">
    <skipped/>
  </testcase> <!-- LoginTest -->
  <testcase classname="testcase.MyFirstAutomationTC" name="LoginTest" time="0.000">
    <skipped/>
  </testcase> <!-- LoginTest -->
  <testcase classname="testcase.MyFirstAutomationTC" name="LoginTest" time="0.000">
    <skipped/>
  </testcase> <!-- LoginTest -->
  <testcase classname="testcase.MyFirstAutomationTC" name="LoginTest" time="0.000">
    <skipped/>
  </testcase> <!-- LoginTest -->
  <testcase classname="testcase.MyFirstAutomationTC" name="LoginTest" time="0.000">
    <skipped/>
  </testcase> <!-- LoginTest -->
  <testcase classname="testcase.MyFirstAutomationTC" name="LoginTest" time="0.000">
    <skipped/>
  </testcase> <!-- LoginTest -->
  <testcase classname="testcase.MyFirstAutomationTC" name="LoginTest" time="0.000">
    <skipped/>
  </testcase> <!-- LoginTest -->
  <testcase classname="testcase.MyFirstAutomationTC" name="LoginTest" time="0.000">
    <skipped/>
  </testcase> <!-- LoginTest -->
  <testcase classname="testcase.MyFirstAutomationTC" name="LoginTest" time="0.000">
    <skipped/>
  </testcase> <!-- LoginTest -->
  <testcase classname="testcase.MyFirstAutomationTC" name="LoginTest" time="0.000">
    <skipped/>
  </testcase> <!-- LoginTest -->
  <testcase classname="testcase.MyFirstAutomationTC" name="LoginTest" time="0.000">
    <skipped/>
  </testcase> <!-- LoginTest -->
  <testcase classname="testcase.MyFirstAutomationTC" name="LoginTest" time="0.000">
    <skipped/>
  </testcase> <!-- LoginTest -->
  <testcase classname="testcase.MyFirstAutomationTC" name="LoginTest" time="0.000">
    <skipped/>
  </testcase> <!-- LoginTest -->
  <testcase classname="testcase.MyFirstAutomationTC" name="LoginTest" time="0.000">
    <skipped/>
  </testcase> <!-- LoginTest -->
  <testcase classname="testcase.MyFirstAutomationTC" name="LoginTest" time="0.000">
    <skipped/>
  </testcase> <!-- LoginTest -->
  <testcase classname="testcase.MyFirstAutomationTC" name="LoginTest" time="0.000">
    <skipped/>
  </testcase> <!-- LoginTest -->
  <testcase classname="testcase.MyFirstAutomationTC" name="LoginTest" time="0.000">
    <skipped/>
  </testcase> <!-- LoginTest -->
  <testcase classname="testcase.MyFirstAutomationTC" name="LoginTest" time="0.000">
    <skipped/>
  </testcase> <!-- LoginTest -->
  <testcase classname="testcase.MyFirstAutomationTC" name="LoginTest" time="0.000">
    <skipped/>
  </testcase> <!-- LoginTest -->
  <testcase classname="testcase.MyFirstAutomationTC" name="LoginTest" time="0.001">
    <skipped/>
  </testcase> <!-- LoginTest -->
  <testcase classname="testcase.MyFirstAutomationTC" name="LoginTest" time="0.000">
    <skipped/>
  </testcase> <!-- LoginTest -->
  <testcase classname="testcase.MyFirstAutomationTC" name="LoginTest" time="0.000">
    <skipped/>
  </testcase> <!-- LoginTest -->
  <testcase classname="testcase.MyFirstAutomationTC" name="LoginTest" time="0.000">
    <skipped/>
  </testcase> <!-- LoginTest -->
  <testcase classname="testcase.MyFirstAutomationTC" name="LoginTest" time="0.000">
    <skipped/>
  </testcase> <!-- LoginTest -->
  <testcase classname="testcase.MyFirstAutomationTC" name="LoginTest" time="0.000">
    <skipped/>
  </testcase> <!-- LoginTest -->
  <testcase classname="testcase.MyFirstAutomationTC" name="LoginTest" time="0.000">
    <skipped/>
  </testcase> <!-- LoginTest -->
  <testcase classname="testcase.MyFirstAutomationTC" name="setup" time="4.164">
    <error message="no such window: target window already closed
from unknown error: web view not found
  (Session info: chrome=136.0.7103.48)
Build info: version: &#039;4.31.0&#039;, revision: &#039;1ef9f18787*&#039;
System info: os.name: &#039;Windows 11&#039;, os.arch: &#039;amd64&#039;, os.version: &#039;10.0&#039;, java.version: &#039;23.0.2&#039;
Driver info: org.openqa.selenium.chrome.ChromeDriver
Command: [863ab5b6ba3d702670a1c766b69da320, maximizeCurrentWindow {}]
Capabilities {acceptInsecureCerts: false, browserName: chrome, browserVersion: 136.0.7103.48, chrome: {chromedriverVersion: 136.0.7103.92 (cb81a4cc5087..., userDataDir: C:\Users\RAVI~1.MAL\AppData...}, fedcm:accounts: true, goog:chromeOptions: {debuggerAddress: localhost:51369}, networkConnectionEnabled: false, pageLoadStrategy: normal, platformName: windows, proxy: Proxy(), se:cdp: ws://localhost:51369/devtoo..., se:cdpVersion: 136.0.7103.48, setWindowRect: true, strictFileInteractability: false, timeouts: {implicit: 0, pageLoad: 300000, script: 30000}, unhandledPromptBehavior: dismiss and notify, webauthn:extension:credBlob: true, webauthn:extension:largeBlob: true, webauthn:extension:minPinLength: true, webauthn:extension:prf: true, webauthn:virtualAuthenticators: true}
Session ID: 863ab5b6ba3d702670a1c766b69da320" type="org.openqa.selenium.NoSuchWindowException">
      <![CDATA[org.openqa.selenium.NoSuchWindowException: no such window: target window already closed
from unknown error: web view not found
  (Session info: chrome=136.0.7103.48)
Build info: version: '4.31.0', revision: '1ef9f18787*'
System info: os.name: 'Windows 11', os.arch: 'amd64', os.version: '10.0', java.version: '23.0.2'
Driver info: org.openqa.selenium.chrome.ChromeDriver
Command: [863ab5b6ba3d702670a1c766b69da320, maximizeCurrentWindow {}]
Capabilities {acceptInsecureCerts: false, browserName: chrome, browserVersion: 136.0.7103.48, chrome: {chromedriverVersion: 136.0.7103.92 (cb81a4cc5087..., userDataDir: C:\Users\RAVI~1.MAL\AppData...}, fedcm:accounts: true, goog:chromeOptions: {debuggerAddress: localhost:51369}, networkConnectionEnabled: false, pageLoadStrategy: normal, platformName: windows, proxy: Proxy(), se:cdp: ws://localhost:51369/devtoo..., se:cdpVersion: 136.0.7103.48, setWindowRect: true, strictFileInteractability: false, timeouts: {implicit: 0, pageLoad: 300000, script: 30000}, unhandledPromptBehavior: dismiss and notify, webauthn:extension:credBlob: true, webauthn:extension:largeBlob: true, webauthn:extension:minPinLength: true, webauthn:extension:prf: true, webauthn:virtualAuthenticators: true}
Session ID: 863ab5b6ba3d702670a1c766b69da320
at java.base/jdk.internal.reflect.DirectConstructorHandleAccessor.newInstance(DirectConstructorHandleAccessor.java:62)
at java.base/java.lang.reflect.Constructor.newInstanceWithCaller(Constructor.java:501)
at java.base/java.lang.reflect.Constructor.newInstance(Constructor.java:485)
at org.openqa.selenium.remote.ErrorCodec.decode(ErrorCodec.java:167)
at org.openqa.selenium.remote.codec.w3c.W3CHttpResponseCodec.decode(W3CHttpResponseCodec.java:138)
at org.openqa.selenium.remote.codec.w3c.W3CHttpResponseCodec.decode(W3CHttpResponseCodec.java:50)
at org.openqa.selenium.remote.HttpCommandExecutor.execute(HttpCommandExecutor.java:215)
at org.openqa.selenium.remote.service.DriverCommandExecutor.invokeExecute(DriverCommandExecutor.java:216)
at org.openqa.selenium.remote.service.DriverCommandExecutor.execute(DriverCommandExecutor.java:174)
at org.openqa.selenium.remote.RemoteWebDriver.execute(RemoteWebDriver.java:545)
at org.openqa.selenium.remote.RemoteWebDriver.execute(RemoteWebDriver.java:618)
at org.openqa.selenium.remote.RemoteWebDriver.execute(RemoteWebDriver.java:622)
at org.openqa.selenium.remote.RemoteWebDriver$RemoteWebDriverOptions$RemoteWindow.maximize(RemoteWebDriver.java:1067)
at base.BaseTest.setup(BaseTest.java:31)
at java.base/jdk.internal.reflect.DirectMethodHandleAccessor.invoke(DirectMethodHandleAccessor.java:103)
at java.base/java.lang.reflect.Method.invoke(Method.java:580)
at org.testng.internal.invokers.MethodInvocationHelper.invokeMethod(MethodInvocationHelper.java:141)
at org.testng.internal.invokers.MethodInvocationHelper.invokeMethodConsideringTimeout(MethodInvocationHelper.java:71)
at org.testng.internal.invokers.ConfigInvoker.invokeConfigurationMethod(ConfigInvoker.java:400)
at org.testng.internal.invokers.ConfigInvoker.invokeConfigurations(ConfigInvoker.java:333)
at org.testng.internal.invokers.TestInvoker.runConfigMethods(TestInvoker.java:836)
at org.testng.internal.invokers.TestInvoker.invokeMethod(TestInvoker.java:601)
at org.testng.internal.invokers.TestInvoker.invokeTestMethod(TestInvoker.java:230)
at org.testng.internal.invokers.MethodRunner.runInSequence(MethodRunner.java:63)
at org.testng.internal.invokers.TestInvoker$MethodInvocationAgent.invoke(TestInvoker.java:995)
at org.testng.internal.invokers.TestInvoker.invokeTestMethods(TestInvoker.java:203)
at org.testng.internal.invokers.TestMethodWorker.invokeTestMethods(TestMethodWorker.java:154)
at org.testng.internal.invokers.TestMethodWorker.run(TestMethodWorker.java:134)
at java.base/java.util.ArrayList.forEach(ArrayList.java:1597)
at org.testng.TestRunner.privateRun(TestRunner.java:741)
at org.testng.TestRunner.run(TestRunner.java:616)
at org.testng.SuiteRunner.runTest(SuiteRunner.java:421)
at org.testng.SuiteRunner.runSequentially(SuiteRunner.java:413)
at org.testng.SuiteRunner.privateRun(SuiteRunner.java:373)
at org.testng.SuiteRunner.run(SuiteRunner.java:312)
at org.testng.SuiteRunnerWorker.runSuite(SuiteRunnerWorker.java:52)
at org.testng.SuiteRunnerWorker.run(SuiteRunnerWorker.java:95)
at org.testng.TestNG.runSuitesSequentially(TestNG.java:1274)
at org.testng.TestNG.runSuitesLocally(TestNG.java:1208)
at org.testng.TestNG.runSuites(TestNG.java:1112)
at org.testng.TestNG.run(TestNG.java:1079)
at org.testng.remote.AbstractRemoteTestNG.run(AbstractRemoteTestNG.java:115)
at org.testng.remote.RemoteTestNG.initAndRun(RemoteTestNG.java:293)
at org.testng.remote.RemoteTestNG.main(RemoteTestNG.java:91)
]]>
    </error>
  </testcase> <!-- setup -->
  <testcase classname="testcase.MyFirstAutomationTC" name="LoginTest" time="0.000">
    <skipped/>
  </testcase> <!-- LoginTest -->
  <testcase classname="testcase.MyFirstAutomationTC" name="LoginTest" time="0.000">
    <skipped/>
  </testcase> <!-- LoginTest -->
  <testcase classname="testcase.MyFirstAutomationTC" name="LoginTest" time="0.000">
    <skipped/>
  </testcase> <!-- LoginTest -->
  <testcase classname="testcase.MyFirstAutomationTC" name="LoginTest" time="0.000">
    <skipped/>
  </testcase> <!-- LoginTest -->
  <testcase classname="testcase.MyFirstAutomationTC" name="LoginTest" time="0.000">
    <skipped/>
  </testcase> <!-- LoginTest -->
  <testcase classname="testcase.MyFirstAutomationTC" name="LoginTest" time="0.000">
    <skipped/>
  </testcase> <!-- LoginTest -->
  <testcase classname="testcase.MyFirstAutomationTC" name="LoginTest" time="0.000">
    <skipped/>
  </testcase> <!-- LoginTest -->
  <testcase classname="testcase.MyFirstAutomationTC" name="LoginTest" time="0.000">
    <skipped/>
  </testcase> <!-- LoginTest -->
  <testcase classname="testcase.MyFirstAutomationTC" name="LoginTest" time="5.281">
    <error message="element not interactable
  (Session info: chrome=136.0.7103.48)
Build info: version: &#039;4.31.0&#039;, revision: &#039;1ef9f18787*&#039;
System info: os.name: &#039;Windows 11&#039;, os.arch: &#039;amd64&#039;, os.version: &#039;10.0&#039;, java.version: &#039;23.0.2&#039;
Driver info: org.openqa.selenium.chrome.ChromeDriver
Command: [adf3e75eac99b36d2d1a12e532554e1a, sendKeysToElement {id=f.66581C61ADD09461A6E4220B93243EA4.d.85C5019EA0128DA000AB50A819139BC1.e.14, value=[Ljava.lang.CharSequence;@acdcf71}]
Capabilities {acceptInsecureCerts: false, browserName: chrome, browserVersion: 136.0.7103.48, chrome: {chromedriverVersion: 136.0.7103.92 (cb81a4cc5087..., userDataDir: C:\Users\RAVI~1.MAL\AppData...}, fedcm:accounts: true, goog:chromeOptions: {debuggerAddress: localhost:51291}, networkConnectionEnabled: false, pageLoadStrategy: normal, platformName: windows, proxy: Proxy(), se:cdp: ws://localhost:51291/devtoo..., se:cdpVersion: 136.0.7103.48, setWindowRect: true, strictFileInteractability: false, timeouts: {implicit: 0, pageLoad: 300000, script: 30000}, unhandledPromptBehavior: dismiss and notify, webauthn:extension:credBlob: true, webauthn:extension:largeBlob: true, webauthn:extension:minPinLength: true, webauthn:extension:prf: true, webauthn:virtualAuthenticators: true}
Element: [[ChromeDriver: chrome on windows (adf3e75eac99b36d2d1a12e532554e1a)] -&gt; name: PASSWORD]
Session ID: adf3e75eac99b36d2d1a12e532554e1a" type="org.openqa.selenium.ElementNotInteractableException">
      <![CDATA[org.openqa.selenium.ElementNotInteractableException: element not interactable
  (Session info: chrome=136.0.7103.48)
Build info: version: '4.31.0', revision: '1ef9f18787*'
System info: os.name: 'Windows 11', os.arch: 'amd64', os.version: '10.0', java.version: '23.0.2'
Driver info: org.openqa.selenium.chrome.ChromeDriver
Command: [adf3e75eac99b36d2d1a12e532554e1a, sendKeysToElement {id=f.66581C61ADD09461A6E4220B93243EA4.d.85C5019EA0128DA000AB50A819139BC1.e.14, value=[Ljava.lang.CharSequence;@acdcf71}]
Capabilities {acceptInsecureCerts: false, browserName: chrome, browserVersion: 136.0.7103.48, chrome: {chromedriverVersion: 136.0.7103.92 (cb81a4cc5087..., userDataDir: C:\Users\RAVI~1.MAL\AppData...}, fedcm:accounts: true, goog:chromeOptions: {debuggerAddress: localhost:51291}, networkConnectionEnabled: false, pageLoadStrategy: normal, platformName: windows, proxy: Proxy(), se:cdp: ws://localhost:51291/devtoo..., se:cdpVersion: 136.0.7103.48, setWindowRect: true, strictFileInteractability: false, timeouts: {implicit: 0, pageLoad: 300000, script: 30000}, unhandledPromptBehavior: dismiss and notify, webauthn:extension:credBlob: true, webauthn:extension:largeBlob: true, webauthn:extension:minPinLength: true, webauthn:extension:prf: true, webauthn:virtualAuthenticators: true}
Element: [[ChromeDriver: chrome on windows (adf3e75eac99b36d2d1a12e532554e1a)] -> name: PASSWORD]
Session ID: adf3e75eac99b36d2d1a12e532554e1a
at java.base/jdk.internal.reflect.DirectConstructorHandleAccessor.newInstance(DirectConstructorHandleAccessor.java:62)
at java.base/java.lang.reflect.Constructor.newInstanceWithCaller(Constructor.java:501)
at java.base/java.lang.reflect.Constructor.newInstance(Constructor.java:485)
at org.openqa.selenium.remote.ErrorCodec.decode(ErrorCodec.java:167)
at org.openqa.selenium.remote.codec.w3c.W3CHttpResponseCodec.decode(W3CHttpResponseCodec.java:138)
at org.openqa.selenium.remote.codec.w3c.W3CHttpResponseCodec.decode(W3CHttpResponseCodec.java:50)
at org.openqa.selenium.remote.HttpCommandExecutor.execute(HttpCommandExecutor.java:215)
at org.openqa.selenium.remote.service.DriverCommandExecutor.invokeExecute(DriverCommandExecutor.java:216)
at org.openqa.selenium.remote.service.DriverCommandExecutor.execute(DriverCommandExecutor.java:174)
at org.openqa.selenium.remote.RemoteWebDriver.execute(RemoteWebDriver.java:545)
at org.openqa.selenium.remote.RemoteWebElement.execute(RemoteWebElement.java:223)
at org.openqa.selenium.remote.RemoteWebElement.sendKeys(RemoteWebElement.java:110)
at testcase.MyFirstAutomationTC.LoginTest(MyFirstAutomationTC.java:17)
at java.base/jdk.internal.reflect.DirectMethodHandleAccessor.invoke(DirectMethodHandleAccessor.java:103)
at java.base/java.lang.reflect.Method.invoke(Method.java:580)
at org.testng.internal.invokers.MethodInvocationHelper.invokeMethod(MethodInvocationHelper.java:141)
at org.testng.internal.invokers.TestInvoker.invokeMethod(TestInvoker.java:687)
at org.testng.internal.invokers.TestInvoker.invokeTestMethod(TestInvoker.java:230)
at org.testng.internal.invokers.MethodRunner.runInSequence(MethodRunner.java:63)
at org.testng.internal.invokers.TestInvoker$MethodInvocationAgent.invoke(TestInvoker.java:995)
at org.testng.internal.invokers.TestInvoker.invokeTestMethods(TestInvoker.java:203)
at org.testng.internal.invokers.TestMethodWorker.invokeTestMethods(TestMethodWorker.java:154)
at org.testng.internal.invokers.TestMethodWorker.run(TestMethodWorker.java:134)
at java.base/java.util.ArrayList.forEach(ArrayList.java:1597)
at org.testng.TestRunner.privateRun(TestRunner.java:741)
at org.testng.TestRunner.run(TestRunner.java:616)
at org.testng.SuiteRunner.runTest(SuiteRunner.java:421)
at org.testng.SuiteRunner.runSequentially(SuiteRunner.java:413)
at org.testng.SuiteRunner.privateRun(SuiteRunner.java:373)
at org.testng.SuiteRunner.run(SuiteRunner.java:312)
at org.testng.SuiteRunnerWorker.runSuite(SuiteRunnerWorker.java:52)
at org.testng.SuiteRunnerWorker.run(SuiteRunnerWorker.java:95)
at org.testng.TestNG.runSuitesSequentially(TestNG.java:1274)
at org.testng.TestNG.runSuitesLocally(TestNG.java:1208)
at org.testng.TestNG.runSuites(TestNG.java:1112)
at org.testng.TestNG.run(TestNG.java:1079)
at org.testng.remote.AbstractRemoteTestNG.run(AbstractRemoteTestNG.java:115)
at org.testng.remote.RemoteTestNG.initAndRun(RemoteTestNG.java:293)
at org.testng.remote.RemoteTestNG.main(RemoteTestNG.java:91)
]]>
    </error>
  </testcase> <!-- LoginTest -->
  <testcase classname="testcase.MyFirstAutomationTC" name="LoginTest" time="0.000">
    <skipped/>
  </testcase> <!-- LoginTest -->
  <testcase classname="testcase.MyFirstAutomationTC" name="LoginTest" time="0.000">
    <skipped/>
  </testcase> <!-- LoginTest -->
  <testcase classname="testcase.MyFirstAutomationTC" name="LoginTest" time="0.000">
    <skipped/>
  </testcase> <!-- LoginTest -->
  <testcase classname="testcase.MyFirstAutomationTC" name="LoginTest" time="0.000">
    <skipped/>
  </testcase> <!-- LoginTest -->
  <testcase classname="testcase.MyFirstAutomationTC" name="LoginTest" time="0.000">
    <skipped/>
  </testcase> <!-- LoginTest -->
  <testcase classname="testcase.MyFirstAutomationTC" name="LoginTest" time="0.000">
    <skipped/>
  </testcase> <!-- LoginTest -->
  <testcase classname="testcase.MyFirstAutomationTC" name="LoginTest" time="0.000">
    <skipped/>
  </testcase> <!-- LoginTest -->
  <testcase classname="testcase.MyFirstAutomationTC" name="LoginTest" time="0.000">
    <skipped/>
  </testcase> <!-- LoginTest -->
  <testcase classname="testcase.MyFirstAutomationTC" name="LoginTest" time="0.000">
    <skipped/>
  </testcase> <!-- LoginTest -->
  <testcase classname="testcase.MyFirstAutomationTC" name="LoginTest" time="0.000">
    <skipped/>
  </testcase> <!-- LoginTest -->
  <testcase classname="testcase.MyFirstAutomationTC" name="LoginTest" time="5.239">
    <error message="element not interactable
  (Session info: chrome=136.0.7103.48)
Build info: version: &#039;4.31.0&#039;, revision: &#039;1ef9f18787*&#039;
System info: os.name: &#039;Windows 11&#039;, os.arch: &#039;amd64&#039;, os.version: &#039;10.0&#039;, java.version: &#039;23.0.2&#039;
Driver info: org.openqa.selenium.chrome.ChromeDriver
Command: [6a75e1433a305650b086b5e97119768f, sendKeysToElement {id=f.58F063C9996FB5A8A5998026B3D3309F.d.6C2A19FE67FDCC9FFD09DC7E103C9805.e.12, value=[Ljava.lang.CharSequence;@681adc8f}]
Capabilities {acceptInsecureCerts: false, browserName: chrome, browserVersion: 136.0.7103.48, chrome: {chromedriverVersion: 136.0.7103.92 (cb81a4cc5087..., userDataDir: C:\Users\RAVI~1.MAL\AppData...}, fedcm:accounts: true, goog:chromeOptions: {debuggerAddress: localhost:51109}, networkConnectionEnabled: false, pageLoadStrategy: normal, platformName: windows, proxy: Proxy(), se:cdp: ws://localhost:51109/devtoo..., se:cdpVersion: 136.0.7103.48, setWindowRect: true, strictFileInteractability: false, timeouts: {implicit: 0, pageLoad: 300000, script: 30000}, unhandledPromptBehavior: dismiss and notify, webauthn:extension:credBlob: true, webauthn:extension:largeBlob: true, webauthn:extension:minPinLength: true, webauthn:extension:prf: true, webauthn:virtualAuthenticators: true}
Element: [[ChromeDriver: chrome on windows (6a75e1433a305650b086b5e97119768f)] -&gt; name: PASSWORD]
Session ID: 6a75e1433a305650b086b5e97119768f" type="org.openqa.selenium.ElementNotInteractableException">
      <![CDATA[org.openqa.selenium.ElementNotInteractableException: element not interactable
  (Session info: chrome=136.0.7103.48)
Build info: version: '4.31.0', revision: '1ef9f18787*'
System info: os.name: 'Windows 11', os.arch: 'amd64', os.version: '10.0', java.version: '23.0.2'
Driver info: org.openqa.selenium.chrome.ChromeDriver
Command: [6a75e1433a305650b086b5e97119768f, sendKeysToElement {id=f.58F063C9996FB5A8A5998026B3D3309F.d.6C2A19FE67FDCC9FFD09DC7E103C9805.e.12, value=[Ljava.lang.CharSequence;@681adc8f}]
Capabilities {acceptInsecureCerts: false, browserName: chrome, browserVersion: 136.0.7103.48, chrome: {chromedriverVersion: 136.0.7103.92 (cb81a4cc5087..., userDataDir: C:\Users\RAVI~1.MAL\AppData...}, fedcm:accounts: true, goog:chromeOptions: {debuggerAddress: localhost:51109}, networkConnectionEnabled: false, pageLoadStrategy: normal, platformName: windows, proxy: Proxy(), se:cdp: ws://localhost:51109/devtoo..., se:cdpVersion: 136.0.7103.48, setWindowRect: true, strictFileInteractability: false, timeouts: {implicit: 0, pageLoad: 300000, script: 30000}, unhandledPromptBehavior: dismiss and notify, webauthn:extension:credBlob: true, webauthn:extension:largeBlob: true, webauthn:extension:minPinLength: true, webauthn:extension:prf: true, webauthn:virtualAuthenticators: true}
Element: [[ChromeDriver: chrome on windows (6a75e1433a305650b086b5e97119768f)] -> name: PASSWORD]
Session ID: 6a75e1433a305650b086b5e97119768f
at java.base/jdk.internal.reflect.DirectConstructorHandleAccessor.newInstance(DirectConstructorHandleAccessor.java:62)
at java.base/java.lang.reflect.Constructor.newInstanceWithCaller(Constructor.java:501)
at java.base/java.lang.reflect.Constructor.newInstance(Constructor.java:485)
at org.openqa.selenium.remote.ErrorCodec.decode(ErrorCodec.java:167)
at org.openqa.selenium.remote.codec.w3c.W3CHttpResponseCodec.decode(W3CHttpResponseCodec.java:138)
at org.openqa.selenium.remote.codec.w3c.W3CHttpResponseCodec.decode(W3CHttpResponseCodec.java:50)
at org.openqa.selenium.remote.HttpCommandExecutor.execute(HttpCommandExecutor.java:215)
at org.openqa.selenium.remote.service.DriverCommandExecutor.invokeExecute(DriverCommandExecutor.java:216)
at org.openqa.selenium.remote.service.DriverCommandExecutor.execute(DriverCommandExecutor.java:174)
at org.openqa.selenium.remote.RemoteWebDriver.execute(RemoteWebDriver.java:545)
at org.openqa.selenium.remote.RemoteWebElement.execute(RemoteWebElement.java:223)
at org.openqa.selenium.remote.RemoteWebElement.sendKeys(RemoteWebElement.java:110)
at testcase.MyFirstAutomationTC.LoginTest(MyFirstAutomationTC.java:17)
at java.base/jdk.internal.reflect.DirectMethodHandleAccessor.invoke(DirectMethodHandleAccessor.java:103)
at java.base/java.lang.reflect.Method.invoke(Method.java:580)
at org.testng.internal.invokers.MethodInvocationHelper.invokeMethod(MethodInvocationHelper.java:141)
at org.testng.internal.invokers.TestInvoker.invokeMethod(TestInvoker.java:687)
at org.testng.internal.invokers.TestInvoker.invokeTestMethod(TestInvoker.java:230)
at org.testng.internal.invokers.MethodRunner.runInSequence(MethodRunner.java:63)
at org.testng.internal.invokers.TestInvoker$MethodInvocationAgent.invoke(TestInvoker.java:995)
at org.testng.internal.invokers.TestInvoker.invokeTestMethods(TestInvoker.java:203)
at org.testng.internal.invokers.TestMethodWorker.invokeTestMethods(TestMethodWorker.java:154)
at org.testng.internal.invokers.TestMethodWorker.run(TestMethodWorker.java:134)
at java.base/java.util.ArrayList.forEach(ArrayList.java:1597)
at org.testng.TestRunner.privateRun(TestRunner.java:741)
at org.testng.TestRunner.run(TestRunner.java:616)
at org.testng.SuiteRunner.runTest(SuiteRunner.java:421)
at org.testng.SuiteRunner.runSequentially(SuiteRunner.java:413)
at org.testng.SuiteRunner.privateRun(SuiteRunner.java:373)
at org.testng.SuiteRunner.run(SuiteRunner.java:312)
at org.testng.SuiteRunnerWorker.runSuite(SuiteRunnerWorker.java:52)
at org.testng.SuiteRunnerWorker.run(SuiteRunnerWorker.java:95)
at org.testng.TestNG.runSuitesSequentially(TestNG.java:1274)
at org.testng.TestNG.runSuitesLocally(TestNG.java:1208)
at org.testng.TestNG.runSuites(TestNG.java:1112)
at org.testng.TestNG.run(TestNG.java:1079)
at org.testng.remote.AbstractRemoteTestNG.run(AbstractRemoteTestNG.java:115)
at org.testng.remote.RemoteTestNG.initAndRun(RemoteTestNG.java:293)
at org.testng.remote.RemoteTestNG.main(RemoteTestNG.java:91)
]]>
    </error>
  </testcase> <!-- LoginTest -->
  <testcase classname="testcase.MyFirstAutomationTC" name="LoginTest" time="0.000">
    <skipped/>
  </testcase> <!-- LoginTest -->
  <testcase classname="testcase.MyFirstAutomationTC" name="LoginTest" time="0.000">
    <skipped/>
  </testcase> <!-- LoginTest -->
  <testcase classname="testcase.MyFirstAutomationTC" name="LoginTest" time="0.000">
    <skipped/>
  </testcase> <!-- LoginTest -->
  <testcase classname="testcase.MyFirstAutomationTC" name="LoginTest" time="0.000">
    <skipped/>
  </testcase> <!-- LoginTest -->
  <testcase classname="testcase.MyFirstAutomationTC" name="LoginTest" time="0.000">
    <skipped/>
  </testcase> <!-- LoginTest -->
  <testcase classname="testcase.MyFirstAutomationTC" name="LoginTest" time="0.000">
    <skipped/>
  </testcase> <!-- LoginTest -->
  <testcase classname="testcase.MyFirstAutomationTC" name="LoginTest" time="0.000">
    <skipped/>
  </testcase> <!-- LoginTest -->
  <testcase classname="testcase.MyFirstAutomationTC" name="LoginTest" time="0.000">
    <skipped/>
  </testcase> <!-- LoginTest -->
  <testcase classname="testcase.MyFirstAutomationTC" name="LoginTest" time="0.000">
    <skipped/>
  </testcase> <!-- LoginTest -->
  <testcase classname="testcase.MyFirstAutomationTC" name="LoginTest" time="0.000">
    <skipped/>
  </testcase> <!-- LoginTest -->
  <testcase classname="testcase.MyFirstAutomationTC" name="LoginTest" time="0.000">
    <skipped/>
  </testcase> <!-- LoginTest -->
  <testcase classname="testcase.MyFirstAutomationTC" name="LoginTest" time="0.000">
    <skipped/>
  </testcase> <!-- LoginTest -->
  <testcase classname="testcase.MyFirstAutomationTC" name="LoginTest" time="0.000">
    <skipped/>
  </testcase> <!-- LoginTest -->
  <testcase classname="testcase.MyFirstAutomationTC" name="LoginTest" time="0.000">
    <skipped/>
  </testcase> <!-- LoginTest -->
  <testcase classname="testcase.MyFirstAutomationTC" name="LoginTest" time="0.001">
    <skipped/>
  </testcase> <!-- LoginTest -->
  <testcase classname="testcase.MyFirstAutomationTC" name="LoginTest" time="0.000">
    <skipped/>
  </testcase> <!-- LoginTest -->
  <testcase classname="testcase.MyFirstAutomationTC" name="LoginTest" time="0.000">
    <skipped/>
  </testcase> <!-- LoginTest -->
</testsuite> <!-- testcase.MyFirstAutomationTC -->
